[debug] [2022-04-24T05:33:48.677Z] ----------------------------------------------------------------------
[debug] [2022-04-24T05:33:48.679Z] Command:       C:\Program Files\nodejs\node.exe C:\Users\User\AppData\Roaming\npm\node_modules\firebase-tools\lib\bin\firebase.js init
[debug] [2022-04-24T05:33:48.679Z] CLI Version:   10.7.1
[debug] [2022-04-24T05:33:48.679Z] Platform:      win32
[debug] [2022-04-24T05:33:48.680Z] Node Version:  v16.13.0
[debug] [2022-04-24T05:33:48.680Z] Time:          Sun Apr 24 2022 13:33:48 GMT+0800 (Ulaanbaatar Standard Time)
[debug] [2022-04-24T05:33:48.681Z] ----------------------------------------------------------------------
[debug] 
[debug] [2022-04-24T05:33:48.690Z] > command requires scopes: ["email","openid","https://www.googleapis.com/auth/cloudplatformprojects.readonly","https://www.googleapis.com/auth/firebase","https://www.googleapis.com/auth/cloud-platform"]
[debug] [2022-04-24T05:33:48.690Z] > authorizing via signed-in user (dolgoon.da@gmail.com)
[info] 
     ######## #### ########  ######## ########     ###     ######  ########
     ##        ##  ##     ## ##       ##     ##  ##   ##  ##       ##
     ######    ##  ########  ######   ########  #########  ######  ######
     ##        ##  ##    ##  ##       ##     ## ##     ##       ## ##
     ##       #### ##     ## ######## ########  ##     ##  ######  ########

You're about to initialize a Firebase project in this directory:

  C:\Users\User\Desktop\hydro\front-end

[info] 
=== Project Setup
[info] 
[info] First, let's associate this project directory with a Firebase project.
[info] You can create multiple project aliases by running firebase use --add, 
[info] but for now we'll just set up a default project.
[info] 
[debug] [2022-04-24T05:34:05.953Z] >>> [apiv2][query] GET https://firebase.googleapis.com/v1beta1/projects pageSize=100
[debug] [2022-04-24T05:34:06.656Z] <<< [apiv2][status] GET https://firebase.googleapis.com/v1beta1/projects 200
[debug] [2022-04-24T05:34:06.656Z] <<< [apiv2][body] GET https://firebase.googleapis.com/v1beta1/projects [omitted]
[info] i  Using project hydro-50beb (hydro) 
[info] 
=== Database Setup
[info] i  database: ensuring required API firebasedatabase.googleapis.com is enabled... 
[debug] [2022-04-24T05:34:10.844Z] >>> [apiv2][query] GET https://serviceusage.googleapis.com/v1/projects/hydro-50beb/services/firebasedatabase.googleapis.com [none]
[debug] [2022-04-24T05:34:12.184Z] <<< [apiv2][status] GET https://serviceusage.googleapis.com/v1/projects/hydro-50beb/services/firebasedatabase.googleapis.com 200
[debug] [2022-04-24T05:34:12.184Z] <<< [apiv2][body] GET https://serviceusage.googleapis.com/v1/projects/hydro-50beb/services/firebasedatabase.googleapis.com [omitted]
[info] +  database: required API firebasedatabase.googleapis.com is enabled 
[info] 
[debug] [2022-04-24T05:34:12.186Z] > refreshing access token with scopes: ["email","https://www.googleapis.com/auth/cloud-platform","https://www.googleapis.com/auth/cloudplatformprojects.readonly","https://www.googleapis.com/auth/firebase","openid"]
[debug] [2022-04-24T05:34:12.187Z] >>> HTTP REQUEST POST https://www.googleapis.com/oauth2/v3/token  
 <request body omitted>
[debug] [2022-04-24T05:34:12.436Z] <<< HTTP RESPONSE 200 {"expires":"Mon, 01 Jan 1990 00:00:00 GMT","pragma":"no-cache","cache-control":"no-cache, no-store, max-age=0, must-revalidate","date":"Sun, 24 Apr 2022 05:34:11 GMT","content-type":"application/json; charset=utf-8","vary":"X-Origin, Referer, Origin,Accept-Encoding","server":"scaffolding on HTTPServer2","x-xss-protection":"0","x-frame-options":"SAMEORIGIN","x-content-type-options":"nosniff","alt-svc":"h3=\":443\"; ma=2592000,h3-29=\":443\"; ma=2592000,h3-Q050=\":443\"; ma=2592000,h3-Q046=\":443\"; ma=2592000,h3-Q043=\":443\"; ma=2592000,quic=\":443\"; ma=2592000; v=\"46,43\"","accept-ranges":"none","transfer-encoding":"chunked"}
[debug] [2022-04-24T05:34:12.445Z] >>> HTTP REQUEST GET https://firebasedatabase.googleapis.com/v1beta/projects/hydro-50beb/locations/-/instances/hydro-50beb-default-rtdb  
 
[debug] [2022-04-24T05:34:12.976Z] <<< HTTP RESPONSE 200 {"content-type":"application/json; charset=UTF-8","vary":"X-Origin, Referer, Origin,Accept-Encoding","date":"Sun, 24 Apr 2022 05:34:12 GMT","server":"ESF","cache-control":"private","x-xss-protection":"0","x-frame-options":"SAMEORIGIN","x-content-type-options":"nosniff","alt-svc":"h3=\":443\"; ma=2592000,h3-29=\":443\"; ma=2592000,h3-Q050=\":443\"; ma=2592000,h3-Q046=\":443\"; ma=2592000,h3-Q043=\":443\"; ma=2592000,quic=\":443\"; ma=2592000; v=\"46,43\"","accept-ranges":"none","transfer-encoding":"chunked"}
[info] 
[info] Firebase Realtime Database Security Rules allow you to define how your data should be
[info] structured and when your data can be read from and written to.
[info] 
[debug] [2022-04-24T05:34:21.322Z] >>> HTTP REQUEST GET https://hydro-50beb-default-rtdb.firebaseio.com/.settings/rules.json  
 
[debug] [2022-04-24T05:34:22.089Z] <<< HTTP RESPONSE 200 {"server":"nginx","date":"Sun, 24 Apr 2022 05:34:21 GMT","content-type":"application/json; charset=utf-8","content-length":"161","connection":"keep-alive","access-control-allow-origin":"*","cache-control":"no-cache","strict-transport-security":"max-age=31556926; includeSubDomains; preload"}
[info] +  Database Rules for hydro-50beb-default-rtdb have been written to database.rules.json. 
[info] Future modifications to database.rules.json will update Realtime Database Security Rules when you run
[info] firebase deploy.
[info] 
=== Firestore Setup
[debug] [2022-04-24T05:34:22.094Z] > refreshing access token with scopes: []
[debug] [2022-04-24T05:34:22.094Z] >>> HTTP REQUEST POST https://www.googleapis.com/oauth2/v3/token  
 <request body omitted>
[debug] [2022-04-24T05:34:22.330Z] <<< HTTP RESPONSE 200 {"date":"Sun, 24 Apr 2022 05:34:21 GMT","cache-control":"no-cache, no-store, max-age=0, must-revalidate","pragma":"no-cache","expires":"Mon, 01 Jan 1990 00:00:00 GMT","content-type":"application/json; charset=utf-8","vary":"X-Origin, Referer, Origin,Accept-Encoding","server":"scaffolding on HTTPServer2","x-xss-protection":"0","x-frame-options":"SAMEORIGIN","x-content-type-options":"nosniff","alt-svc":"h3=\":443\"; ma=2592000,h3-29=\":443\"; ma=2592000,h3-Q050=\":443\"; ma=2592000,h3-Q046=\":443\"; ma=2592000,h3-Q043=\":443\"; ma=2592000,quic=\":443\"; ma=2592000; v=\"46,43\"","accept-ranges":"none","transfer-encoding":"chunked"}
[debug] [2022-04-24T05:34:22.340Z] >>> [apiv2][query] GET https://serviceusage.googleapis.com/v1/projects/hydro-50beb/services/firestore.googleapis.com [none]
[debug] [2022-04-24T05:34:23.673Z] <<< [apiv2][status] GET https://serviceusage.googleapis.com/v1/projects/hydro-50beb/services/firestore.googleapis.com 200
[debug] [2022-04-24T05:34:23.673Z] <<< [apiv2][body] GET https://serviceusage.googleapis.com/v1/projects/hydro-50beb/services/firestore.googleapis.com [omitted]
[debug] [2022-04-24T05:34:23.673Z] > refreshing access token with scopes: ["email","https://www.googleapis.com/auth/cloud-platform","https://www.googleapis.com/auth/cloudplatformprojects.readonly","https://www.googleapis.com/auth/firebase","openid"]
[debug] [2022-04-24T05:34:23.674Z] >>> HTTP REQUEST POST https://www.googleapis.com/oauth2/v3/token  
 <request body omitted>
[debug] [2022-04-24T05:34:23.922Z] <<< HTTP RESPONSE 200 {"expires":"Mon, 01 Jan 1990 00:00:00 GMT","pragma":"no-cache","cache-control":"no-cache, no-store, max-age=0, must-revalidate","date":"Sun, 24 Apr 2022 05:34:22 GMT","content-type":"application/json; charset=utf-8","vary":"X-Origin, Referer, Origin,Accept-Encoding","server":"scaffolding on HTTPServer2","x-xss-protection":"0","x-frame-options":"SAMEORIGIN","x-content-type-options":"nosniff","alt-svc":"h3=\":443\"; ma=2592000,h3-29=\":443\"; ma=2592000,h3-Q050=\":443\"; ma=2592000,h3-Q046=\":443\"; ma=2592000,h3-Q043=\":443\"; ma=2592000,quic=\":443\"; ma=2592000; v=\"46,43\"","accept-ranges":"none","transfer-encoding":"chunked"}
[debug] [2022-04-24T05:34:23.931Z] >>> HTTP REQUEST GET https://appengine.googleapis.com/v1/apps/hydro-50beb  
 
[debug] [2022-04-24T05:34:24.554Z] <<< HTTP RESPONSE 200 {"content-type":"application/json; charset=UTF-8","vary":"X-Origin, Referer, Origin,Accept-Encoding","date":"Sun, 24 Apr 2022 05:34:23 GMT","server":"ESF","cache-control":"private","x-xss-protection":"0","x-frame-options":"SAMEORIGIN","x-content-type-options":"nosniff","alt-svc":"h3=\":443\"; ma=2592000,h3-29=\":443\"; ma=2592000,h3-Q050=\":443\"; ma=2592000,h3-Q046=\":443\"; ma=2592000,h3-Q043=\":443\"; ma=2592000,quic=\":443\"; ma=2592000; v=\"46,43\"","accept-ranges":"none","transfer-encoding":"chunked"}
[debug] [2022-04-24T05:34:24.554Z] database_type: CLOUD_FIRESTORE
[debug] [2022-04-24T05:34:24.555Z] > command requires scopes: ["email","openid","https://www.googleapis.com/auth/cloudplatformprojects.readonly","https://www.googleapis.com/auth/firebase","https://www.googleapis.com/auth/cloud-platform"]
[debug] [2022-04-24T05:34:24.555Z] > authorizing via signed-in user (dolgoon.da@gmail.com)
[debug] [2022-04-24T05:34:24.555Z] [iam] checking project hydro-50beb for permissions ["firebase.projects.get"]
[debug] [2022-04-24T05:34:24.555Z] > refreshing access token with scopes: []
[debug] [2022-04-24T05:34:24.555Z] >>> HTTP REQUEST POST https://www.googleapis.com/oauth2/v3/token  
 <request body omitted>
[debug] [2022-04-24T05:34:24.792Z] <<< HTTP RESPONSE 200 {"cache-control":"no-cache, no-store, max-age=0, must-revalidate","date":"Sun, 24 Apr 2022 05:34:23 GMT","pragma":"no-cache","expires":"Mon, 01 Jan 1990 00:00:00 GMT","content-type":"application/json; charset=utf-8","vary":"X-Origin, Referer, Origin,Accept-Encoding","server":"scaffolding on HTTPServer2","x-xss-protection":"0","x-frame-options":"SAMEORIGIN","x-content-type-options":"nosniff","alt-svc":"h3=\":443\"; ma=2592000,h3-29=\":443\"; ma=2592000,h3-Q050=\":443\"; ma=2592000,h3-Q046=\":443\"; ma=2592000,h3-Q043=\":443\"; ma=2592000,quic=\":443\"; ma=2592000; v=\"46,43\"","accept-ranges":"none","transfer-encoding":"chunked"}
[debug] [2022-04-24T05:34:24.803Z] >>> [apiv2][query] POST https://cloudresourcemanager.googleapis.com/v1/projects/hydro-50beb:testIamPermissions [none]
[debug] [2022-04-24T05:34:24.803Z] >>> [apiv2][body] POST https://cloudresourcemanager.googleapis.com/v1/projects/hydro-50beb:testIamPermissions {"permissions":["firebase.projects.get"]}
[debug] [2022-04-24T05:34:25.927Z] <<< [apiv2][status] POST https://cloudresourcemanager.googleapis.com/v1/projects/hydro-50beb:testIamPermissions 200
[debug] [2022-04-24T05:34:25.927Z] <<< [apiv2][body] POST https://cloudresourcemanager.googleapis.com/v1/projects/hydro-50beb:testIamPermissions {"permissions":["firebase.projects.get"]}
[info] 
[info] Firestore Security Rules allow you to define how and when to allow
[info] requests. You can keep these rules in your project directory
[info] and publish them with firebase deploy.
[info] 
[debug] [2022-04-24T05:34:29.868Z] >>> [apiv2][query] GET https://firebaserules.googleapis.com/v1/projects/hydro-50beb/releases pageSize=10&pageToken=
[debug] [2022-04-24T05:34:31.145Z] <<< [apiv2][status] GET https://firebaserules.googleapis.com/v1/projects/hydro-50beb/releases 200
[debug] [2022-04-24T05:34:31.145Z] <<< [apiv2][body] GET https://firebaserules.googleapis.com/v1/projects/hydro-50beb/releases {"releases":[{"name":"projects/hydro-50beb/releases/cloud.firestore","rulesetName":"projects/hydro-50beb/rulesets/d0823b8e-bacf-4fe0-a205-e84452aa19c3","createTime":"2022-04-24T05:32:44.350054Z","updateTime":"2022-04-24T05:32:44.350054Z"}]}
[debug] [2022-04-24T05:34:31.145Z] Found ruleset: projects/hydro-50beb/rulesets/d0823b8e-bacf-4fe0-a205-e84452aa19c3
[debug] [2022-04-24T05:34:31.146Z] >>> [apiv2][query] GET https://firebaserules.googleapis.com/v1/projects/hydro-50beb/rulesets/d0823b8e-bacf-4fe0-a205-e84452aa19c3 [none]
[debug] [2022-04-24T05:34:32.341Z] <<< [apiv2][status] GET https://firebaserules.googleapis.com/v1/projects/hydro-50beb/rulesets/d0823b8e-bacf-4fe0-a205-e84452aa19c3 200
[debug] [2022-04-24T05:34:32.341Z] <<< [apiv2][body] GET https://firebaserules.googleapis.com/v1/projects/hydro-50beb/rulesets/d0823b8e-bacf-4fe0-a205-e84452aa19c3 [omitted]
[info] 
[info] Firestore indexes allow you to perform complex queries while
[info] maintaining performance that scales with the size of the result
[info] set. You can keep index definitions in your project directory
[info] and publish them with firebase deploy.
[info] 
[debug] [2022-04-24T05:34:36.278Z] > refreshing access token with scopes: ["email","https://www.googleapis.com/auth/cloud-platform","https://www.googleapis.com/auth/cloudplatformprojects.readonly","https://www.googleapis.com/auth/firebase","openid"]
[debug] [2022-04-24T05:34:36.278Z] >>> HTTP REQUEST POST https://www.googleapis.com/oauth2/v3/token  
 <request body omitted>
[debug] [2022-04-24T05:34:36.279Z] > refreshing access token with scopes: ["email","https://www.googleapis.com/auth/cloud-platform","https://www.googleapis.com/auth/cloudplatformprojects.readonly","https://www.googleapis.com/auth/firebase","openid"]
[debug] [2022-04-24T05:34:36.279Z] >>> HTTP REQUEST POST https://www.googleapis.com/oauth2/v3/token  
 <request body omitted>
[debug] [2022-04-24T05:34:36.523Z] <<< HTTP RESPONSE 200 {"expires":"Mon, 01 Jan 1990 00:00:00 GMT","pragma":"no-cache","date":"Sun, 24 Apr 2022 05:34:35 GMT","cache-control":"no-cache, no-store, max-age=0, must-revalidate","content-type":"application/json; charset=utf-8","vary":"X-Origin, Referer, Origin,Accept-Encoding","server":"scaffolding on HTTPServer2","x-xss-protection":"0","x-frame-options":"SAMEORIGIN","x-content-type-options":"nosniff","alt-svc":"h3=\":443\"; ma=2592000,h3-29=\":443\"; ma=2592000,h3-Q050=\":443\"; ma=2592000,h3-Q046=\":443\"; ma=2592000,h3-Q043=\":443\"; ma=2592000,quic=\":443\"; ma=2592000; v=\"46,43\"","accept-ranges":"none","transfer-encoding":"chunked"}
[debug] [2022-04-24T05:34:36.531Z] >>> HTTP REQUEST GET https://firestore.googleapis.com/v1/projects/hydro-50beb/databases/(default)/collectionGroups/-/indexes  
 
[debug] [2022-04-24T05:34:36.534Z] <<< HTTP RESPONSE 200 {"expires":"Mon, 01 Jan 1990 00:00:00 GMT","pragma":"no-cache","cache-control":"no-cache, no-store, max-age=0, must-revalidate","date":"Sun, 24 Apr 2022 05:34:35 GMT","content-type":"application/json; charset=utf-8","vary":"X-Origin, Referer, Origin,Accept-Encoding","server":"scaffolding on HTTPServer2","x-xss-protection":"0","x-frame-options":"SAMEORIGIN","x-content-type-options":"nosniff","alt-svc":"h3=\":443\"; ma=2592000,h3-29=\":443\"; ma=2592000,h3-Q050=\":443\"; ma=2592000,h3-Q046=\":443\"; ma=2592000,h3-Q043=\":443\"; ma=2592000,quic=\":443\"; ma=2592000; v=\"46,43\"","accept-ranges":"none","transfer-encoding":"chunked"}
[debug] [2022-04-24T05:34:36.543Z] >>> HTTP REQUEST GET https://firestore.googleapis.com/v1/projects/hydro-50beb/databases/(default)/collectionGroups/-/fields?filter=indexConfig.usesAncestorConfig=false  
 
[debug] [2022-04-24T05:34:38.663Z] <<< HTTP RESPONSE 200 {"content-type":"application/json; charset=UTF-8","vary":"X-Origin, Referer, Origin,Accept-Encoding","date":"Sun, 24 Apr 2022 05:34:37 GMT","server":"ESF","cache-control":"private","x-xss-protection":"0","x-frame-options":"SAMEORIGIN","x-content-type-options":"nosniff","alt-svc":"h3=\":443\"; ma=2592000,h3-29=\":443\"; ma=2592000,h3-Q050=\":443\"; ma=2592000,h3-Q046=\":443\"; ma=2592000,h3-Q043=\":443\"; ma=2592000,quic=\":443\"; ma=2592000; v=\"46,43\"","accept-ranges":"none","transfer-encoding":"chunked"}
[debug] [2022-04-24T05:34:39.249Z] <<< HTTP RESPONSE 200 {"content-type":"application/json; charset=UTF-8","vary":"X-Origin, Referer, Origin,Accept-Encoding","date":"Sun, 24 Apr 2022 05:34:38 GMT","server":"ESF","cache-control":"private","x-xss-protection":"0","x-frame-options":"SAMEORIGIN","x-content-type-options":"nosniff","alt-svc":"h3=\":443\"; ma=2592000,h3-29=\":443\"; ma=2592000,h3-Q050=\":443\"; ma=2592000,h3-Q046=\":443\"; ma=2592000,h3-Q043=\":443\"; ma=2592000,quic=\":443\"; ma=2592000; v=\"46,43\"","accept-ranges":"none","transfer-encoding":"chunked"}
[info] 
=== Hosting Setup
[info] 
[info] Your public directory is the folder (relative to your project directory) that
[info] will contain Hosting assets to be uploaded with firebase deploy. If you
[info] have a build process for your assets, use your build's output directory.
[info] 
[debug] [2022-04-24T05:35:05.089Z] >>> [apiv2][query] GET https://www.gstatic.com/firebasejs/releases.json [none]
[debug] [2022-04-24T05:35:05.314Z] <<< [apiv2][status] GET https://www.gstatic.com/firebasejs/releases.json 200
[debug] [2022-04-24T05:35:05.315Z] <<< [apiv2][body] GET https://www.gstatic.com/firebasejs/releases.json {"current":{"version":"9.6.11","browserURL":"https://www.gstatic.com/firebasejs/9.6.11/firebase.js","packageURL":"https://www.gstatic.com/firebasejs/9.6.11/firebase.tgz"},"live":{"version":"9.6","browserURL":"https://www.gstatic.com/firebasejs/live/9.6/firebase.js","packageURL":"https://www.gstatic.com/firebasejs/live/9.6/firebase.tgz"},"components":{"analytics":"https://www.gstatic.com/firebasejs/9.6.11/firebase-analytics.js","app":"https://www.gstatic.com/firebasejs/9.6.11/firebase-app.js","app-check":"https://www.gstatic.com/firebasejs/9.6.11/firebase-app-check.js","auth":"https://www.gstatic.com/firebasejs/9.6.11/firebase-auth.js","auth/cordova":"https://www.gstatic.com/firebasejs/9.6.11/firebase-auth/cordova.js","auth/react-native":"https://www.gstatic.com/firebasejs/9.6.11/firebase-auth/react-native.js","functions":"https://www.gstatic.com/firebasejs/9.6.11/firebase-functions.js","firestore":"https://www.gstatic.com/firebasejs/9.6.11/firebase-firestore.js","firestore/lite":"https://www.gstatic.com/firebasejs/9.6.11/firebase-firestore/lite.js","storage":"https://www.gstatic.com/firebasejs/9.6.11/firebase-storage.js","performance":"https://www.gstatic.com/firebasejs/9.6.11/firebase-performance.js","remote-config":"https://www.gstatic.com/firebasejs/9.6.11/firebase-remote-config.js","messaging":"https://www.gstatic.com/firebasejs/9.6.11/firebase-messaging.js","messaging/sw":"https://www.gstatic.com/firebasejs/9.6.11/firebase-messaging/sw.js","database":"https://www.gstatic.com/firebasejs/9.6.11/firebase-database.js","firestore.memory":"https://www.gstatic.com/firebasejs/9.6.11/firebase-firestore.memory.js"}}
[info] +  Wrote public/index.html 
[info] 
[info] i  Detected a .git folder at C:\Users\User 
[info] i  Authorizing with GitHub to upload your service account to a GitHub repository's secrets store. 
[info] 
[info] Visit this URL on this device to log in:
[info] https://github.com/login/oauth/authorize?client_id=89cf50f02ac6aaed3484&state=394653027&redirect_uri=http%3A%2F%2Flocalhost%3A9005&scope=read%3Auser%20repo%20public_repo
[info] 
[info] Waiting for authentication...
[debug] [2022-04-24T05:35:29.302Z] >>> HTTP REQUEST POST https://github.com/login/oauth/access_token  
 {"client_id":"89cf50f02ac6aaed3484","client_secret":"3330d14abc895d9a74d5f17cd7a00711fa2c5bf0","code":"da68c9734ecc4eff2d42","redirect_uri":"http://localhost:9005","state":"394653027"}
[debug] [2022-04-24T05:35:29.943Z] <<< HTTP RESPONSE 200 {"server":"GitHub.com","date":"Sun, 24 Apr 2022 05:35:28 GMT","content-type":"application/json; charset=utf-8","transfer-encoding":"chunked","vary":"X-PJAX, X-PJAX-Container, Accept-Encoding, Accept, X-Requested-With","permissions-policy":"interest-cohort=()","etag":"W/\"1c51d046e85245d1b607ca26664b60e2\"","cache-control":"max-age=0, private, must-revalidate","strict-transport-security":"max-age=31536000; includeSubdomains; preload","x-frame-options":"deny","x-content-type-options":"nosniff","x-xss-protection":"0","referrer-policy":"origin-when-cross-origin, strict-origin-when-cross-origin","expect-ct":"max-age=2592000, report-uri=\"https://api.github.com/_private/browser/errors\"","content-security-policy":"default-src 'none'; base-uri 'self'; block-all-mixed-content; child-src github.com/assets-cdn/worker/ gist.github.com/assets-cdn/worker/; connect-src 'self' uploads.github.com objects-origin.githubusercontent.com www.githubstatus.com collector.github.com raw.githubusercontent.com api.github.com github-cloud.s3.amazonaws.com github-production-repository-file-5c1aeb.s3.amazonaws.com github-production-upload-manifest-file-7fdce7.s3.amazonaws.com github-production-user-asset-6210df.s3.amazonaws.com cdn.optimizely.com logx.optimizely.com/v1/events translator.github.com *.actions.githubusercontent.com wss://*.actions.githubusercontent.com online.visualstudio.com/api/v1/locations github-production-repository-image-32fea6.s3.amazonaws.com github-production-release-asset-2e65be.s3.amazonaws.com insights.github.com wss://alive.github.com; font-src github.githubassets.com; form-action 'self' github.com gist.github.com objects-origin.githubusercontent.com; frame-ancestors 'none'; frame-src render.githubusercontent.com viewscreen.githubusercontent.com notebooks.githubusercontent.com; img-src 'self' data: github.githubassets.com identicons.github.com github-cloud.s3.amazonaws.com secured-user-images.githubusercontent.com/ *.githubusercontent.com; manifest-src 'self'; media-src github.com user-images.githubusercontent.com/; script-src github.githubassets.com; style-src 'unsafe-inline' github.githubassets.com; worker-src github.com/assets-cdn/worker/ gist.github.com/assets-cdn/worker/","x-github-request-id":"DD1B:5560:E3E16E:118603D:6264E1A0"}
[debug] [2022-04-24T05:35:29.952Z] >>> [apiv2][query] GET https://api.github.com/user [none]
[debug] [2022-04-24T05:35:30.574Z] <<< [apiv2][status] GET https://api.github.com/user 200
[debug] [2022-04-24T05:35:30.574Z] <<< [apiv2][body] GET https://api.github.com/user {"login":"dolgoonnn","id":83904398,"node_id":"MDQ6VXNlcjgzOTA0Mzk4","avatar_url":"https://avatars.githubusercontent.com/u/83904398?v=4","gravatar_id":"","url":"https://api.github.com/users/dolgoonnn","html_url":"https://github.com/dolgoonnn","followers_url":"https://api.github.com/users/dolgoonnn/followers","following_url":"https://api.github.com/users/dolgoonnn/following{/other_user}","gists_url":"https://api.github.com/users/dolgoonnn/gists{/gist_id}","starred_url":"https://api.github.com/users/dolgoonnn/starred{/owner}{/repo}","subscriptions_url":"https://api.github.com/users/dolgoonnn/subscriptions","organizations_url":"https://api.github.com/users/dolgoonnn/orgs","repos_url":"https://api.github.com/users/dolgoonnn/repos","events_url":"https://api.github.com/users/dolgoonnn/events{/privacy}","received_events_url":"https://api.github.com/users/dolgoonnn/received_events","type":"User","site_admin":false,"name":"Dolgoon","company":null,"blog":"","location":null,"email":null,"hireable":null,"bio":null,"twitter_username":null,"public_repos":2,"public_gists":0,"followers":0,"following":0,"created_at":"2021-05-09T09:35:54Z","updated_at":"2022-03-04T07:57:15Z","private_gists":0,"total_private_repos":2,"owned_private_repos":0,"disk_usage":661,"collaborators":0,"two_factor_authentication":false,"plan":{"name":"free","space":976562499,"collaborators":0,"private_repos":10000}}
[info] 
[info] +  Success! Logged into GitHub as dolgoonnn 
[info] 
[debug] [2022-04-24T05:35:43.410Z] >>> [apiv2][query] GET https://api.github.com/repos//actions/secrets/public-key type=owner
[debug] [2022-04-24T05:35:43.957Z] <<< [apiv2][status] GET https://api.github.com/repos//actions/secrets/public-key 404
[debug] [2022-04-24T05:35:43.957Z] <<< [apiv2][body] GET https://api.github.com/repos//actions/secrets/public-key {"message":"Not Found","documentation_url":"https://docs.github.com/rest"}
[debug] [2022-04-24T05:35:54.095Z] >>> [apiv2][query] GET https://api.github.com/repos//actions/secrets/public-key type=owner
[debug] [2022-04-24T05:35:54.665Z] <<< [apiv2][status] GET https://api.github.com/repos//actions/secrets/public-key 404
[debug] [2022-04-24T05:35:54.665Z] <<< [apiv2][body] GET https://api.github.com/repos//actions/secrets/public-key {"message":"Not Found","documentation_url":"https://docs.github.com/rest"}
[debug] [2022-04-24T05:36:05.317Z] >>> [apiv2][query] GET https://api.github.com/repos//actions/secrets/public-key type=owner
[debug] [2022-04-24T05:36:05.858Z] <<< [apiv2][status] GET https://api.github.com/repos//actions/secrets/public-key 404
[debug] [2022-04-24T05:36:05.858Z] <<< [apiv2][body] GET https://api.github.com/repos//actions/secrets/public-key {"message":"Not Found","documentation_url":"https://docs.github.com/rest"}
[debug] [2022-04-24T05:40:03.194Z] >>> [apiv2][query] GET https://api.github.com/repos/user/hydrogeology/actions/secrets/public-key type=owner
[debug] [2022-04-24T05:40:03.774Z] <<< [apiv2][status] GET https://api.github.com/repos/user/hydrogeology/actions/secrets/public-key 404
[debug] [2022-04-24T05:40:03.774Z] <<< [apiv2][body] GET https://api.github.com/repos/user/hydrogeology/actions/secrets/public-key {"message":"Not Found","documentation_url":"https://docs.github.com/rest/reference/actions#get-a-repository-public-key"}
[debug] [2022-04-24T05:40:12.610Z] >>> [apiv2][query] GET https://api.github.com/repos/user/hydrogeology/actions/secrets/public-key type=owner
[debug] [2022-04-24T05:40:13.185Z] <<< [apiv2][status] GET https://api.github.com/repos/user/hydrogeology/actions/secrets/public-key 404
[debug] [2022-04-24T05:40:13.185Z] <<< [apiv2][body] GET https://api.github.com/repos/user/hydrogeology/actions/secrets/public-key {"message":"Not Found","documentation_url":"https://docs.github.com/rest/reference/actions#get-a-repository-public-key"}
